2024-04-03 09:51:43 :: Result:- Array
(
    [checkoutMode] => WEBSITE
    [merchant] => TESTCITITEST_CA
    [result] => SUCCESS
    [session] => Array
        (
            [id] => SESSION0002735418811E3881663I87
            [updateStatus] => SUCCESS
            [version] => ca2176eb01
        )

    [successIndicator] => d005a6192d7145a0
)

2024-04-03 09:57:58 :: Result:- Array
(
    [checkoutMode] => WEBSITE
    [merchant] => TESTCITITEST_CA
    [result] => SUCCESS
    [session] => Array
        (
            [id] => SESSION0002267865526I3912262E26
            [updateStatus] => SUCCESS
            [version] => ed2ca43101
        )

    [successIndicator] => 319b7b28e4a342a2
)

2024-04-03 09:57:58 :: rest_route checkoutSession - 305:- 319b7b28e4a342a2
2024-04-03 09:58:53 :: Result:- Array
(
    [checkoutMode] => WEBSITE
    [merchant] => TESTCITITEST_CA
    [result] => SUCCESS
    [session] => Array
        (
            [id] => SESSION0002574983179F6720273H41
            [updateStatus] => SUCCESS
            [version] => 7f6139dc01
        )

    [successIndicator] => b118a5f1b9f446ad
)

2024-04-03 09:58:53 :: rest_route checkoutSession - 305:- b118a5f1b9f446ad
2024-04-03 09:59:36 :: checkout_payment - 305--b118a5f1b9f446ad:- b118a5f1b9f446ad
2024-04-03 10:13:11 :: Result:- Array
(
    [checkoutMode] => WEBSITE
    [merchant] => TESTCITITEST_CA
    [result] => SUCCESS
    [session] => Array
        (
            [id] => SESSION0002022178241N6135945L49
            [updateStatus] => SUCCESS
            [version] => 2ad5dde901
        )

    [successIndicator] => dd37caa96c7a4ad7
)

2024-04-03 10:13:11 :: rest_route checkoutSession - 306:- dd37caa96c7a4ad7
2024-04-03 10:13:38 :: checkout_payment - 306--dd37caa96c7a4ad7:- dd37caa96c7a4ad7
2024-04-03 10:13:59 :: Result:- Array
(
    [checkoutMode] => WEBSITE
    [merchant] => TESTCITITEST_CA
    [result] => SUCCESS
    [session] => Array
        (
            [id] => SESSION0002523479535F3070207G00
            [updateStatus] => SUCCESS
            [version] => ffa24ede01
        )

    [successIndicator] => c174a8c028074643
)

2024-04-03 10:13:59 :: rest_route checkoutSession - 307:- c174a8c028074643
2024-04-03 10:14:23 :: checkout_payment - 307--c174a8c028074643:- c174a8c028074643
2024-04-03 10:14:43 :: Result:- Array
(
    [checkoutMode] => WEBSITE
    [merchant] => TESTCITITEST_CA
    [result] => SUCCESS
    [session] => Array
        (
            [id] => SESSION0002648046821G8416546J81
            [updateStatus] => SUCCESS
            [version] => 141ee38501
        )

    [successIndicator] => f390221812bd4030
)

2024-04-03 10:14:43 :: rest_route checkoutSession - 308:- f390221812bd4030
2024-04-03 10:15:07 :: checkout_payment - 308--f390221812bd4030:- f390221812bd4030
2024-04-03 10:15:27 :: Result:- Array
(
    [checkoutMode] => WEBSITE
    [merchant] => TESTCITITEST_CA
    [result] => SUCCESS
    [session] => Array
        (
            [id] => SESSION0002677420781F1835956E50
            [updateStatus] => SUCCESS
            [version] => 2077212201
        )

    [successIndicator] => 1526110c71b84feb
)

2024-04-03 10:15:27 :: rest_route checkoutSession - 309:- 1526110c71b84feb
2024-04-03 10:15:54 :: checkout_payment - 309--1526110c71b84feb:- 1526110c71b84feb
2024-04-03 10:16:13 :: Result:- Array
(
    [checkoutMode] => WEBSITE
    [merchant] => TESTCITITEST_CA
    [result] => SUCCESS
    [session] => Array
        (
            [id] => SESSION0002246025222H6441603E10
            [updateStatus] => SUCCESS
            [version] => 875178af01
        )

    [successIndicator] => 09521941bbe34b9c
)

2024-04-03 10:16:13 :: rest_route checkoutSession - 310:- 09521941bbe34b9c
2024-04-03 10:16:33 :: checkout_payment - 310--09521941bbe34b9c:- 09521941bbe34b9c
2024-04-03 10:17:19 :: Result:- Array
(
    [checkoutMode] => WEBSITE
    [merchant] => TESTCITITEST_CA
    [result] => SUCCESS
    [session] => Array
        (
            [id] => SESSION0002495120344L4077959F89
            [updateStatus] => SUCCESS
            [version] => 7695916401
        )

    [successIndicator] => 5d330d9cc2f74a31
)

2024-04-03 10:17:19 :: rest_route checkoutSession - 311:- 5d330d9cc2f74a31
2024-04-03 10:17:46 :: checkout_payment - 311--5d330d9cc2f74a31:- 5d330d9cc2f74a31
2024-04-03 10:18:27 :: Result:- Array
(
    [checkoutMode] => WEBSITE
    [merchant] => TESTCITITEST_CA
    [result] => SUCCESS
    [session] => Array
        (
            [id] => SESSION0002877729046N2530424I18
            [updateStatus] => SUCCESS
            [version] => 14c794b501
        )

    [successIndicator] => 9ca6a49e37c74d07
)

2024-04-03 10:18:27 :: rest_route checkoutSession - 312:- 9ca6a49e37c74d07
2024-04-03 10:18:56 :: checkout_payment - 312--9ca6a49e37c74d07:- 9ca6a49e37c74d07
